2020-04-01 10:33:55:3355 info: User: aadlercr | Method: GET | To: /api/users/me | Query: {}
2020-04-01 10:34:04:344 info: User: aadlercr | Method: GET | To: /api/users/me | Query: {}
2020-04-01 10:37:07:377 info: User: aadlercr | Method: POST | To: /api/blog/comment/create_comment | Body: {"threadId":126,"content":"","authorId":1}
2020-04-01 10:39:03:393 info: User: aadlercr | Method: POST | To: /api/blog/comment/create_comment | Body: {"threadId":126,"content":"","authorId":1}
2020-04-01 10:42:35:4235 info: User: aadlercr | Method: POST | To: /api/blog/comment/create_comment | Body: {"threadId":126,"content":"","authorId":1}
2020-04-01 10:42:54:4254 info: User: aadlercr | Method: POST | To: /api/blogs/comment/create_comment | Body: {"threadId":126,"content":"","authorId":1}
2020-04-01 10:43:08:438 info: User: aadlercr | Method: POST | To: /api/blogs/create_comment | Body: {"threadId":126,"content":"","authorId":1}
2020-04-01 10:43:45:4345 info: User: aadlercr | Method: POST | To: /api/blogs/create_comment | Body: {"threadId":126,"content":"","authorId":1}
2020-04-01 10:44:00:440 info: User: aadlercr | Method: POST | To: /api/blogs/create_comment | Body: {"threadId":126,"content":"","authorId":1}
2020-04-01 10:45:12:4512 info: User: aadlercr | Method: POST | To: /api/blogs/create_comment | Body: {"threadId":126,"content":"","authorId":1}
2020-04-01 10:45:32:4532 info: User: aadlercr | Method: POST | To: /api/blogs/create_comment | Body: {"threadId":126,"content":"123","authorId":"1"}
2020-04-01 10:45:41:4541 info: User: aadlercr | Method: POST | To: /api/blogs/create_comment | Body: {"threadId":126,"content":"123","authorId":"a"}
2020-04-01 10:46:24:4624 info: User: aadlercr | Method: POST | To: /api/blogs/create_comment | Body: {"threadId":126,"content":"123"}
2020-04-01 10:46:37:4637 info: User: aadlercr | Method: POST | To: /api/blogs/create_comment | Body: {"threadId":126,"content":"123"}
2020-04-01 11:16:30:1630 info: User: aadlercr | Method: POST | To: /api/blogs/create_comment | Body: {"threadId":126,"content":"123"}
2020-04-01 11:18:00:180 info: User: aadlercr | Method: POST | To: /api/blogs/create_comment | Body: {"threadId":126,"content":"123"}
2020-04-01 11:19:20:1920 info: User: aadlercr | Method: POST | To: /api/blogs/create_comment | Body: {"threadId":126,"content":"123"}
2020-04-01 11:19:54:1954 info: User: aadlercr | Method: POST | To: /api/blogs/create_comment | Body: {"threadId":126,"content":"123"}
2020-04-01 11:20:54:2054 info: User: aadlercr | Method: POST | To: /api/blogs/create_comment | Body: {"threadId":126,"content":"123"}
2020-04-01 11:26:15:2615 info: User: aadlercr | Method: POST | To: /api/blogs/create_comment | Body: {"threadId":126,"content":"123"}
2020-04-01 11:26:32:2632 info: User: aadlercr | Method: POST | To: /api/blogs/create_comment | Body: {"threadId":126,"content":"123"}
2020-04-01 11:26:41:2641 info: User: aadlercr | Method: POST | To: /api/blogs/create_comment | Body: {"threadId":126,"content":"123"}
2020-04-01 11:54:11:5411 info: User: aadlercr | Method: POST | To: /api/blogs/create_comment | Body: {"threadId":126,"content":"123"}
2020-04-01 12:01:45:145 info: User: aadlercr | Method: POST | To: /api/blogs/create_comment | Body: {"threadId":1126,"content":"123"}
2020-04-01 12:07:37:737 info: User: aadlercr | Method: POST | To: /api/blogs/create_comment | Body: {"threadId":1126,"content":"123"}
2020-04-01 12:09:34:934 info: User: aadlercr | Method: POST | To: /api/blogs/create_comment | Body: {"threadId":1126,"content":"123"}
2020-04-01 12:09:51:951 info: User: aadlercr | Method: POST | To: /api/blogs/create_comment | Body: {"threadId":1126,"content":"123"}
2020-04-01 12:10:59:1059 info: User: aadlercr | Method: POST | To: /api/blogs/create_comment | Body: {"threadId":1126,"content":"123"}
2020-04-01 12:11:37:1137 info: User: aadlercr | Method: POST | To: /api/blogs/create_comment | Body: {"threadId":1126,"content":"123"}
2020-04-01 12:13:06:136 info: User: aadlercr | Method: POST | To: /api/blogs/create_comment | Body: {"threadId":1126,"content":"123"}
2020-04-01 12:14:26:1426 info: User: aadlercr | Method: GET | To: /api/projects | Query: {"page":"1","order":"popular","reverse":"false"}
2020-04-01 12:14:27:1427 info: User: aadlercr | Method: GET | To: /api/projects/20 | Query: {}
2020-04-01 12:14:27:1427 info: User: aadlercr | Method: GET | To: /api/projects/boards/8 | Query: {"loc":"/projects/20"}
2020-04-01 12:14:28:1428 info: User: aadlercr | Method: GET | To: /api/blogs/commentthread/287 | Query: {"page":"1"}
2020-04-01 12:14:29:1429 info: User: aadlercr | Method: GET | To: /api/projects/boards/8 | Query: {"loc":"/projects/20"}
2020-04-01 12:14:29:1429 info: User: aadlercr | Method: GET | To: /api/blogs | Query: {"page":"1","order":"popular","reverse":"false"}
2020-04-01 12:14:30:1430 info: User: aadlercr | Method: GET | To: /api/blogs/31 | Query: {}
2020-04-01 12:14:30:1430 info: User: aadlercr | Method: GET | To: /api/blogs/commentthread/311 | Query: {"page":"1"}
2020-04-01 12:14:35:1435 info: User: aadlercr | Method: POST | To: /api/blogs/create_comment | Body: {"content":"test","threadId":311,"originLink":"/forum/31","OPAuthorId":1}
2020-04-01 12:16:28:1628 info: User: aadlercr | Method: GET | To: /api/users/me | Query: {}
2020-04-01 12:16:28:1628 info: User: aadlercr | Method: GET | To: /api/blogs | Query: {"page":"1","order":"popular","reverse":"false"}
2020-04-01 12:16:28:1628 info: User: aadlercr | Method: GET | To: /api/blogs/31 | Query: {}
2020-04-01 12:16:29:1629 info: User: aadlercr | Method: GET | To: /api/blogs/commentthread/311 | Query: {"page":"1"}
2020-04-01 12:17:09:179 info: User: aadlercr | Method: POST | To: /api/blogs/commenttread/311 | Body: {"threadId":1126,"content":"123"}
2020-04-01 12:17:14:1714 info: User: aadlercr | Method: GET | To: /api/blogs/commenttread/311 | Query: {}
2020-04-01 12:17:25:1725 info: User: aadlercr | Method: GET | To: /api/blogs/commentthread/311 | Query: {}
2020-04-01 12:17:30:1730 info: User: aadlercr | Method: GET | To: /api/blogs/commentthread/3111 | Query: {}
2020-04-01 12:18:42:1842 info: User: aadlercr | Method: GET | To: /api/blogs/commentthread/3111 | Query: {}
2020-04-01 12:18:44:1844 info: User: aadlercr | Method: GET | To: /api/blogs/commentthread/3111 | Query: {}
2020-04-01 12:19:12:1912 info: User: aadlercr | Method: GET | To: /api/blogs/commentthread/3111 | Query: {}
2020-04-01 12:19:32:1932 info: User: aadlercr | Method: GET | To: /api/blogs/commentthread/3111 | Query: {}
2020-04-01 12:19:37:1937 info: User: aadlercr | Method: GET | To: /api/blogs/commentthread/311 | Query: {}
2020-04-01 13:48:22:4822 info: User: aadlercr | Method: GET | To: /api/users/me | Query: {}
2020-04-01 13:48:22:4822 info: User: aadlercr | Method: GET | To: /api/resources/tags | Query: {"q":"","limit":"100"}
2020-04-01 13:48:22:4822 info: User: aadlercr | Method: GET | To: /api/resources | Query: {"page":"1","filter":"none","order":"popular","reverse":"false","show":"all"}
2020-04-01 13:48:23:4823 info: User: aadlercr | Method: GET | To: /api/resources | Query: {"page":"2","filter":"none","order":"popular","reverse":"false}","show":"all"}
2020-04-01 13:48:26:4826 info: User: aadlercr | Method: GET | To: /api/projects | Query: {"page":"1","order":"popular","reverse":"false"}
2020-04-01 13:48:27:4827 info: User: aadlercr | Method: GET | To: /api/blogs | Query: {"page":"1","order":"popular","reverse":"false"}
2020-04-01 13:48:28:4828 info: User: aadlercr | Method: GET | To: /api/blogs/31 | Query: {}
2020-04-01 13:48:28:4828 info: User: aadlercr | Method: GET | To: /api/blogs/commentthread/311 | Query: {"page":"1"}
2020-04-01 13:48:33:4833 info: User: aadlercr | Method: POST | To: /api/blogs/create_comment | Body: {"content":"hello","threadId":338,"originLink":"/forum/31","OPAuthorId":1}
2020-04-01 13:48:41:4841 info: User: aadlercr | Method: GET | To: /api/users/me | Query: {}
2020-04-01 13:48:41:4841 info: User: aadlercr | Method: GET | To: /api/blogs | Query: {"page":"1","order":"popular","reverse":"false"}
2020-04-01 13:48:41:4841 info: User: aadlercr | Method: GET | To: /api/blogs/31 | Query: {}
2020-04-01 13:48:41:4841 info: User: aadlercr | Method: GET | To: /api/blogs/commentthread/311 | Query: {"page":"1"}
2020-04-01 13:49:44:4944 info: User: aadlercr | Method: POST | To: /api/blogs/create_comment | Body: {"content":"test","threadId":338,"originLink":"/forum/31","OPAuthorId":1}
2020-04-01 13:50:53:5053 info: User: aadlercr | Method: GET | To: /api/users/me | Query: {}
2020-04-01 13:50:53:5053 info: User: aadlercr | Method: GET | To: /api/blogs | Query: {"page":"1","order":"popular","reverse":"false"}
2020-04-01 13:50:53:5053 info: User: aadlercr | Method: GET | To: /api/blogs/31 | Query: {}
2020-04-01 13:50:53:5053 info: User: aadlercr | Method: GET | To: /api/blogs/commentthread/311 | Query: {"page":"1"}
2020-04-01 13:50:56:5056 info: User: aadlercr | Method: GET | To: /api/users/me | Query: {}
2020-04-01 13:50:56:5056 info: User: aadlercr | Method: GET | To: /api/blogs | Query: {"page":"1","order":"popular","reverse":"false"}
2020-04-01 13:50:56:5056 info: User: aadlercr | Method: GET | To: /api/blogs/31 | Query: {}
2020-04-01 13:50:56:5056 info: User: aadlercr | Method: GET | To: /api/blogs/commentthread/311 | Query: {"page":"1"}
2020-04-01 13:55:25:5525 info: User: aadlercr | Method: POST | To: /api/blogs/create_comment | Body: {"content":"test","threadId":339,"originLink":"/forum/31","OPAuthorId":1}
2020-04-01 13:56:00:560 info: User: aadlercr | Method: GET | To: /api/users/me | Query: {}
2020-04-01 13:56:00:560 info: User: aadlercr | Method: GET | To: /api/blogs | Query: {"page":"1","order":"popular","reverse":"false"}
2020-04-01 13:56:00:560 info: User: aadlercr | Method: GET | To: /api/blogs/31 | Query: {}
2020-04-01 13:56:01:561 info: User: aadlercr | Method: GET | To: /api/blogs/commentthread/311 | Query: {"page":"1"}
2020-04-01 13:56:05:565 info: User: aadlercr | Method: POST | To: /api/blogs/create_comment | Body: {"content":"test","threadId":339,"originLink":"/forum/31","OPAuthorId":1}
2020-04-01 13:56:13:5613 info: User: aadlercr | Method: GET | To: /api/users/me | Query: {}
2020-04-01 13:56:13:5613 info: User: aadlercr | Method: GET | To: /api/blogs | Query: {"page":"1","order":"popular","reverse":"false"}
2020-04-01 13:56:13:5613 info: User: aadlercr | Method: GET | To: /api/blogs/31 | Query: {}
2020-04-01 13:56:13:5613 info: User: aadlercr | Method: GET | To: /api/blogs/commentthread/311 | Query: {"page":"1"}
2020-04-01 13:56:18:5618 info: User: aadlercr | Method: POST | To: /api/blogs/create_comment | Body: {"content":"t1","threadId":345,"originLink":"/forum/31","OPAuthorId":1}
2020-04-01 13:57:46:5746 info: User: aadlercr | Method: GET | To: /api/users/me | Query: {}
2020-04-01 13:57:46:5746 info: User: aadlercr | Method: GET | To: /api/blogs | Query: {"page":"1","order":"popular","reverse":"false"}
2020-04-01 13:57:46:5746 info: User: aadlercr | Method: GET | To: /api/blogs/31 | Query: {}
2020-04-01 13:57:46:5746 info: User: aadlercr | Method: GET | To: /api/blogs/commentthread/311 | Query: {"page":"1"}
2020-04-01 13:57:53:5753 info: User: aadlercr | Method: POST | To: /api/blogs/create_comment | Body: {"content":"t2","threadId":347,"originLink":"/forum/31","OPAuthorId":1}
2020-04-01 13:58:04:584 info: User: aadlercr | Method: POST | To: /api/blogs/create_comment | Body: {"content":"t3","threadId":347,"originLink":"/forum/31","OPAuthorId":1}
2020-04-01 14:00:15:015 info: User: aadlercr | Method: GET | To: /api/users/me | Query: {}
2020-04-01 14:00:15:015 info: User: aadlercr | Method: GET | To: /api/blogs | Query: {"page":"1","order":"popular","reverse":"false"}
2020-04-01 14:00:15:015 info: User: aadlercr | Method: GET | To: /api/blogs/31 | Query: {}
2020-04-01 14:00:15:015 info: User: aadlercr | Method: GET | To: /api/blogs/commentthread/311 | Query: {"page":"1"}
2020-04-01 14:00:28:028 info: User: aadlercr | Method: POST | To: /api/blogs/create_comment | Body: {"content":"t4","threadId":349,"originLink":"/forum/31","OPAuthorId":1}
2020-04-01 14:00:39:039 info: User: aadlercr | Method: GET | To: /api/users/me | Query: {}
2020-04-01 14:00:39:039 info: User: aadlercr | Method: GET | To: /api/blogs | Query: {"page":"1","order":"popular","reverse":"false"}
2020-04-01 14:00:39:039 info: User: aadlercr | Method: GET | To: /api/blogs/31 | Query: {}
2020-04-01 14:00:39:039 info: User: aadlercr | Method: GET | To: /api/blogs/commentthread/311 | Query: {"page":"1"}
2020-04-01 14:00:47:047 info: User: aadlercr | Method: GET | To: /api/blogs/22 | Query: {}
2020-04-01 14:00:47:047 info: User: aadlercr | Method: GET | To: /api/blogs/commentthread/289 | Query: {"page":"1"}
2020-04-01 14:00:49:049 info: User: aadlercr | Method: GET | To: /api/blogs/15 | Query: {}
2020-04-01 14:00:49:049 info: User: aadlercr | Method: GET | To: /api/blogs/commentthread/252 | Query: {"page":"1"}
2020-04-01 14:00:51:051 info: User: aadlercr | Method: GET | To: /api/blogs/13 | Query: {}
2020-04-01 14:00:52:052 info: User: aadlercr | Method: GET | To: /api/blogs/commentthread/132 | Query: {"page":"1"}
2020-04-01 14:00:55:055 info: User: aadlercr | Method: GET | To: /api/blogs/15 | Query: {}
2020-04-01 14:00:55:055 info: User: aadlercr | Method: GET | To: /api/blogs/commentthread/252 | Query: {"page":"1"}
2020-04-01 14:00:57:057 info: User: aadlercr | Method: GET | To: /api/blogs/18 | Query: {}
2020-04-01 14:00:57:057 info: User: aadlercr | Method: GET | To: /api/blogs/commentthread/261 | Query: {"page":"1"}
2020-04-01 14:01:03:13 info: User: aadlercr | Method: POST | To: /api/blogs/create_comment | Body: {"content":"testing commenting","threadId":261,"originLink":"/forum/18","OPAuthorId":1}
2020-04-01 14:01:08:18 info: User: aadlercr | Method: GET | To: /api/users/me | Query: {}
2020-04-01 14:01:08:18 info: User: aadlercr | Method: GET | To: /api/blogs | Query: {"page":"1","order":"popular","reverse":"false"}
2020-04-01 14:01:08:18 info: User: aadlercr | Method: GET | To: /api/blogs/18 | Query: {}
2020-04-01 14:01:08:18 info: User: aadlercr | Method: GET | To: /api/blogs/commentthread/261 | Query: {"page":"1"}
2020-04-01 14:01:10:110 info: User: aadlercr | Method: POST | To: /api/blogs/create_comment | Body: {"content":"test","threadId":351,"originLink":"/forum/18","OPAuthorId":1}
2020-04-01 14:02:42:242 info: User: aadlercr | Method: GET | To: /api/users/me | Query: {}
2020-04-01 14:02:42:242 info: User: aadlercr | Method: GET | To: /api/blogs | Query: {"page":"1","order":"popular","reverse":"false"}
2020-04-01 14:02:42:242 info: User: aadlercr | Method: GET | To: /api/blogs/18 | Query: {}
2020-04-01 14:02:42:242 info: User: aadlercr | Method: GET | To: /api/blogs/commentthread/261 | Query: {"page":"1"}
2020-04-01 14:03:15:315 info: User: aadlercr | Method: GET | To: /api/users/me | Query: {}
2020-04-01 14:03:38:338 info: User: aadlercr | Method: GET | To: /api/users/me | Query: {}
2020-04-01 14:03:39:339 info: User: aadlercr | Method: GET | To: /api/users/me | Query: {}
2020-04-01 14:03:39:339 info: User: aadlercr | Method: GET | To: /api/users/me | Query: {}
2020-04-01 14:03:51:351 info: User: aadlercr | Method: GET | To: /api/users/me | Query: {}
2020-04-01 14:03:56:356 info: User: aadlercr | Method: GET | To: /api/projects | Query: {"page":"1","order":"popular","reverse":"false"}
2020-04-01 14:03:57:357 info: User: aadlercr | Method: GET | To: /api/blogs | Query: {"page":"1","order":"popular","reverse":"false"}
2020-04-01 14:03:58:358 info: User: aadlercr | Method: GET | To: /api/blogs/22 | Query: {}
2020-04-01 14:03:58:358 info: User: aadlercr | Method: GET | To: /api/blogs/commentthread/289 | Query: {"page":"1"}
2020-04-01 14:04:01:41 info: User: aadlercr | Method: GET | To: /api/blogs/13 | Query: {}
2020-04-01 14:04:02:42 info: User: aadlercr | Method: GET | To: /api/blogs/commentthread/132 | Query: {"page":"1"}
2020-04-01 14:04:04:44 info: User: aadlercr | Method: GET | To: /api/blogs/15 | Query: {}
2020-04-01 14:04:04:44 info: User: aadlercr | Method: GET | To: /api/blogs/commentthread/252 | Query: {"page":"1"}
2020-04-01 14:04:07:47 info: User: aadlercr | Method: GET | To: /api/blogs/15 | Query: {}
2020-04-01 14:04:08:48 info: User: aadlercr | Method: GET | To: /api/blogs/commentthread/252 | Query: {"page":"1"}
2020-04-01 14:04:23:423 info: User: aadlercr | Method: GET | To: /api/users/me | Query: {}
2020-04-01 14:04:23:423 info: User: aadlercr | Method: GET | To: /api/blogs | Query: {"page":"1","order":"popular","reverse":"false"}
2020-04-01 14:04:23:423 info: User: aadlercr | Method: GET | To: /api/blogs/15 | Query: {}
2020-04-01 14:04:24:424 info: User: aadlercr | Method: GET | To: /api/blogs/commentthread/252 | Query: {"page":"1"}
2020-04-01 14:06:07:67 info: User: aadlercr | Method: GET | To: /api/users/me | Query: {}
2020-04-01 14:06:07:67 info: User: aadlercr | Method: GET | To: /api/blogs | Query: {"page":"1","order":"popular","reverse":"false"}
2020-04-01 14:06:07:67 info: User: aadlercr | Method: GET | To: /api/blogs/15 | Query: {}
2020-04-01 14:06:07:67 info: User: aadlercr | Method: GET | To: /api/blogs/commentthread/252 | Query: {"page":"1"}
2020-04-01 14:06:15:615 info: User: aadlercr | Method: GET | To: /api/blogs/20 | Query: {}
2020-04-01 14:06:15:615 info: User: aadlercr | Method: GET | To: /api/blogs/commentthread/269 | Query: {"page":"1"}
2020-04-01 14:06:18:618 info: User: aadlercr | Method: POST | To: /api/blogs/create_comment | Body: {"content":"test","threadId":269,"originLink":"/forum/20","OPAuthorId":1}
2020-04-01 14:06:23:623 info: User: aadlercr | Method: POST | To: /api/blogs/create_comment | Body: {"content":"123","threadId":353,"originLink":"/forum/20","OPAuthorId":1}
2020-04-01 14:06:25:625 info: User: aadlercr | Method: GET | To: /api/users/me | Query: {}
2020-04-01 14:06:25:625 info: User: aadlercr | Method: GET | To: /api/blogs | Query: {"page":"1","order":"popular","reverse":"false"}
2020-04-01 14:06:25:625 info: User: aadlercr | Method: GET | To: /api/blogs/20 | Query: {}
2020-04-01 14:06:25:625 info: User: aadlercr | Method: GET | To: /api/blogs/commentthread/269 | Query: {"page":"1"}
2020-04-01 14:06:35:635 info: User: aadlercr | Method: GET | To: /api/projects | Query: {"page":"1","order":"popular","reverse":"false"}
2020-04-01 14:06:37:637 info: User: aadlercr | Method: GET | To: /api/resources/tags | Query: {"q":"","limit":"100"}
2020-04-01 14:06:37:637 info: User: aadlercr | Method: GET | To: /api/resources | Query: {"page":"1","filter":"none","order":"popular","reverse":"false","show":"all"}
2020-04-01 14:06:37:637 info: User: aadlercr | Method: GET | To: /api/resources | Query: {"page":"2","filter":"none","order":"popular","reverse":"false}","show":"all"}
2020-04-01 14:28:09:289 info: User: aadlercr | Method: GET | To: /api/blogs/commentthread/311 | Query: {}
2020-04-01 14:28:29:2829 info: User: aadlercr | Method: POST | To: /api/blogs/create_comment | Body: {"threadId":1126,"content":"123"}
2020-04-01 14:28:52:2852 info: User: aadlercr | Method: POST | To: /api/blogs/create_comment | Body: {"threadId":"a","content":"123"}
2020-04-01 14:29:40:2940 info: User: aadlercr | Method: POST | To: /api/blogs/create_comment | Body: {"threadId":126,"content":"123"}
2020-04-01 14:30:09:309 info: User: aadlercr | Method: POST | To: /api/blogs/create_comment | Body: {"threadId":126,"content":"123"}
2020-04-01 14:31:03:313 info: User: aadlercr | Method: POST | To: /api/blogs/create_comment | Body: {"threadId":126,"content":"123"}
2020-04-01 14:31:31:3131 info: User: aadlercr | Method: POST | To: /api/blogs/create_comment | Body: {"threadId":126,"content":"123"}
2020-04-01 14:31:42:3142 info: User: aadlercr | Method: POST | To: /api/blogs/create_comment | Body: {"threadId":"a","content":"123"}
2020-04-01 14:32:42:3242 info: User: aadlercr | Method: POST | To: /api/blogs/create_comment | Body: {"threadId":"a","content":"123"}
2020-04-01 14:32:57:3257 info: User: aadlercr | Method: POST | To: /api/blogs/create_comment | Body: {"threadId":"a","content":"123"}
2020-04-01 14:33:35:3335 info: User: aadlercr | Method: POST | To: /api/blogs/create_comment | Body: {"threadId":"a","content":"123"}
2020-04-01 15:47:27:4727 info: User: aadlercr | Method: GET | To: /api/users/me | Query: {}
2020-04-01 15:47:27:4727 info: User: aadlercr | Method: GET | To: /api/resources/tags | Query: {"q":"","limit":"100"}
2020-04-01 15:47:27:4727 info: User: aadlercr | Method: GET | To: /api/resources | Query: {"page":"1","filter":"none","order":"popular","reverse":"false","show":"all"}
2020-04-01 15:47:28:4728 info: User: aadlercr | Method: GET | To: /api/resources | Query: {"page":"2","filter":"none","order":"popular","reverse":"false}","show":"all"}
2020-04-01 15:47:29:4729 info: User: aadlercr | Method: GET | To: /api/projects | Query: {"page":"1","order":"popular","reverse":"false"}
2020-04-01 15:47:30:4730 info: User: aadlercr | Method: GET | To: /api/blogs | Query: {"page":"1","order":"popular","reverse":"false"}
2020-04-01 15:47:31:4731 info: User: aadlercr | Method: GET | To: /api/users/me | Query: {}
2020-04-01 15:47:31:4731 info: User: aadlercr | Method: GET | To: /api/users/all | Query: {"page":"1","filter":"none","user":"1","order":"popular","reverse":"false"}
2020-04-01 15:47:31:4731 info: User: aadlercr | Method: GET | To: /api/users/all | Query: {"page":"2","filter":"none","user":"1","order":"popular","reverse":"false"}
2020-04-01 15:47:31:4731 info: User: aadlercr | Method: GET | To: /api/blogs | Query: {"page":"1","order":"popular","reverse":"false"}
2020-04-01 15:47:32:4732 info: User: aadlercr | Method: GET | To: /api/blogs/31 | Query: {}
2020-04-01 15:47:33:4733 info: User: aadlercr | Method: GET | To: /api/blogs/commentthread/311 | Query: {"page":"1"}
2020-04-01 15:47:33:4733 info: User: aadlercr | Method: GET | To: /api/projects | Query: {"page":"1","order":"popular","reverse":"false"}
2020-04-01 15:47:34:4734 info: User: aadlercr | Method: GET | To: /api/projects/20 | Query: {}
2020-04-01 15:47:34:4734 info: User: aadlercr | Method: GET | To: /api/projects/boards/8 | Query: {"loc":"/projects/20"}
2020-04-01 15:47:35:4735 info: User: aadlercr | Method: GET | To: /api/resources/tags | Query: {"q":"","limit":"100"}
2020-04-01 15:47:35:4735 info: User: aadlercr | Method: GET | To: /api/resources | Query: {"page":"1","filter":"none","order":"popular","reverse":"false","show":"all"}
2020-04-01 15:47:36:4736 info: User: aadlercr | Method: GET | To: /api/resources | Query: {"page":"2","filter":"none","order":"popular","reverse":"false}","show":"all"}
2020-04-01 15:47:36:4736 info: User: aadlercr | Method: GET | To: /api/projects | Query: {"page":"1","order":"popular","reverse":"false"}
2020-04-01 15:47:38:4738 info: User: aadlercr | Method: GET | To: /api/projects/1 | Query: {}
2020-04-01 15:47:39:4739 info: User: aadlercr | Method: GET | To: /api/projects/boards/1 | Query: {"loc":"/projects/1"}
2020-04-01 15:47:41:4741 info: User: aadlercr | Method: PUT | To: /api/projects/boards/update_task_position | Body: {"title":"adding members to tasks","task_id":20,"color_tag":"#9b88cf","status":"Done","priority":1,"collaborators":[{"u_id":1,"username":"aadlercr","profile_pic":"https://cdn.intra.42.fr/users/aadlercr.jpg"}],"column_id":3}
2020-04-01 15:47:52:4752 info: User: aadlercr | Method: GET | To: /api/projects/boards/1 | Query: {"loc":"/projects/1/tasks/20"}
2020-04-01 15:47:52:4752 info: User: aadlercr | Method: GET | To: /api/projects/boards/tasks/20 | Query: {}
2020-04-01 15:47:56:4756 info: User: aadlercr | Method: PUT | To: /api/projects/boards/update_task | Body: {"priority":1,"description":"testaererweaa","commentthread":null,"status":"Done","color_tag":"#9b88cf","task_id":20,"title":"adding members to tasks","column_id":3,"collaborators":[{"username":"aadlercr","profile_pic":"https://cdn.intra.42.fr/users/aadlercr.jpg","u_id":1}],"owner":true}
2020-04-01 15:47:56:4756 info: User: aadlercr | Method: GET | To: /api/projects/boards/1 | Query: {"loc":"/projects/1"}
2020-04-01 15:47:57:4757 info: User: aadlercr | Method: PUT | To: /api/projects/update_project | Body: {"projectId":1,"title":"Hivemind frontend","description":"The frontend part of hivemind","link":"http://github.com/Doebelnatz/hivemind_frontend","private":false}
2020-04-01 15:48:51:4851 info: User: aadlercr | Method: PUT | To: /api/projects/update_project | Body: {"projectId":1,"title":"Hivemind frontend","description":"The frontend part of hivemind","link":"http://github.com/Doebelnatz/hivemind_frontend","private":false}
2020-04-01 15:49:57:4957 info: User: aadlercr | Method: PUT | To: /api/projects/update_project | Body: {"projectId":1,"title":"Hivemind frontend","description":"The frontend part of hivemind","link":"http://github.com/Doebelnatz/hivemind_frontend","private":false}
2020-04-01 15:50:08:508 info: User: aadlercr | Method: PUT | To: /api/projects/update_project | Body: {"projectId":1,"title":"Hivemind frontend","description":"The frontend part of hivemind","link":"http://github.com/Doebelnatz/hivemind_frontend","private":false}
2020-04-01 15:51:45:5145 info: User: aadlercr | Method: GET | To: /api/users/me | Query: {}
2020-04-01 15:51:45:5145 info: User: aadlercr | Method: GET | To: /api/projects/1 | Query: {}
2020-04-01 15:51:46:5146 info: User: aadlercr | Method: GET | To: /api/projects/boards/1 | Query: {"loc":"/projects/1"}
2020-04-01 15:51:50:5150 info: User: aadlercr | Method: PUT | To: /api/projects/update_project | Body: {"projectId":1,"title":"Hivemind frontend","description":"The frontend part of hivemind","link":"http://github.com/Doebelnatz/hivemind_frontend","privateProject":false}
2020-04-01 15:54:37:5437 info: User: aadlercr | Method: PUT | To: /api/projects/boards/update_task_position | Body: {"title":"adding members to tasks","task_id":20,"color_tag":"#9b88cf","status":"Done","priority":1,"collaborators":[{"u_id":1,"username":"aadlercr","profile_pic":"https://cdn.intra.42.fr/users/aadlercr.jpg"}],"column_id":2}
