2020-04-01 10:37:07:377 error: undefined: undefined
2020-04-01 10:39:03:393 error: undefined: undefined
2020-04-01 10:43:08:438 error: Failed to create comment: Invalid input
2020-04-01 10:43:45:4345 error: Failed to create comment: Invalid input
2020-04-01 10:44:00:440 error: Failed to create comment: Invalid input
2020-04-01 10:45:12:4512 error: Failed to create comment: Invalid input
2020-04-01 10:46:17:4617 error: Unexpected token } in JSON at position 39: undefined
2020-04-01 10:46:37:4637 error: Failed to create comment: error: invalid input syntax for integer: "a"
2020-04-01 11:00:00:00 error: Failed to update users: Error: Failed to get token
2020-04-01 11:20:55:2055 error: Failed to create comment: error: invalid input syntax for integer: "a"
2020-04-01 11:26:41:2641 error: Failed to create comment: error: invalid input syntax for integer: "a" undefined
2020-04-01 11:54:19:5419 error: Failed to create comment: error: invalid input syntax for integer: "a" code: 22P02
2020-04-01 12:00:00:00 error: Failed to update users: Error: Failed to get token
2020-04-01 12:01:52:152 error: Failed to create comment: Error: Failed to find comment with provided threadId code: 42
2020-04-01 12:07:37:737 error: Internal server error: Failed to find comment with provided threadId code: 42
2020-04-01 12:09:35:935 error: Internal server error: Failed to find comment with provided threadId code: 42
2020-04-01 12:09:51:951 error: Failed to find comment with provided threadId: Failed to find comment with provided threadId code: 42
2020-04-01 12:10:59:1059 error: Failed to find comment with provided threadId: Error: Failed to find comment with provided threadId code: 42
2020-04-01 12:11:37:1137 error: Failed to find comment with provided threadId: Error: Failed to find comment with provided threadId code: 42
2020-04-01 12:13:06:136 error: 404 error: Error: Failed to find comment with provided threadId | code: 42
2020-04-01 12:19:13:1913 error: 500: Error: Failed to find comments with provided thread id | code: 42
2020-04-01 12:19:32:1932 error: 404: Error: Failed to find comments with provided thread id | code: 42
2020-04-01 14:00:00:00 error: Failed to update users: Error: Failed to get token
2020-04-01 14:28:29:2829 error: 404: Error: Failed to find comment with provided thread id | code: 42
2020-04-01 14:28:52:2852 error: 500: error: invalid input syntax for integer: "a" | code: 22P02
2020-04-01 14:29:40:2940 error: 500: function Error() { [native code] } | code: 42
2020-04-01 14:30:00:300 error: Failed to update users: Error: Failed to get token
2020-04-01 14:30:09:309 error: 500: Error: Failed to create comment | code: 42
2020-04-01 14:31:32:3132 error: 500: Error: Failed to create comment | code: 42
2020-04-01 14:31:42:3142 error: 500: error: invalid input syntax for integer: "a" | code: 22P02
2020-04-01 14:32:42:3242 error: 401: Invalid input | code: 42
2020-04-01 14:32:57:3257 error: 422: Invalid input | code: 42
2020-04-01 14:33:35:3335 error: 422: Invalid input | code: 42
2020-04-01 15:00:00:00 error: Failed to update users: Error: Failed to get token
2020-04-01 15:47:58:4758 error: 500: Error: Failed to update project | code: 42
2020-04-01 15:48:52:4852 error: 500: Error: Failed to update project error: null value in column "private" violates not-null constraint | code: 42
2020-04-01 15:50:08:508 error: 500: error: null value in column "private" violates not-null constraint | code: 42
